[2022-10-06 23:58:43.044] [exthost] [info] extension host started
[2022-10-06 23:58:43.247] [exthost] [info] extension host started
[2022-10-06 23:58:43.266] [exthost] [info] ExtensionService#_doActivateExtension HookyQR.beautify {"startup":true,"extensionId":{"value":"HookyQR.beautify","_lower":"hookyqr.beautify"},"activationEvent":"*"}
[2022-10-06 23:58:43.267] [exthost] [info] ExtensionService#loadCommonJSModule file:///home/nouss/.p2/pool/plugins/pack.core.linux_3.6.0.202007171954/HookyQR.beautify-1.4.11/extension
[2022-10-06 23:58:43.325] [exthost] [info] ExtensionService#_doActivateExtension christian-kohler.path-intellisense {"startup":true,"extensionId":{"value":"christian-kohler.path-intellisense","_lower":"christian-kohler.path-intellisense"},"activationEvent":"*"}
[2022-10-06 23:58:43.325] [exthost] [info] ExtensionService#loadCommonJSModule file:///home/nouss/.p2/pool/plugins/pack.core.linux_3.6.0.202007171954/christian-kohler.path-intellisense-1.4.2/out/src/extension
[2022-10-06 23:58:43.343] [exthost] [info] ExtensionService#_doActivateExtension dbaeumer.vscode-eslint {"startup":true,"extensionId":{"value":"dbaeumer.vscode-eslint","_lower":"dbaeumer.vscode-eslint"},"activationEvent":"*"}
[2022-10-06 23:58:43.344] [exthost] [info] ExtensionService#loadCommonJSModule file:///home/nouss/.p2/pool/plugins/pack.core.linux_3.6.0.202007171954/dbaeumer.vscode-eslint-1.9.0/client/out/extension
[2022-10-06 23:58:43.362] [exthost] [info] ExtensionService#_doActivateExtension vscode.debug-auto-launch {"startup":true,"extensionId":{"value":"vscode.debug-auto-launch","_lower":"vscode.debug-auto-launch"},"activationEvent":"*"}
[2022-10-06 23:58:43.362] [exthost] [info] ExtensionService#loadCommonJSModule file:///home/nouss/.p2/pool/plugins/com.genuitec.eclipse.code.engine.app.linux.x86_64_3.6.0.202002212104/engine/resources/app/extensions/debug-auto-launch/dist/extension
[2022-10-06 23:58:43.365] [exthost] [info] ExtensionService#_doActivateExtension vscode.emmet {"startup":true,"extensionId":{"value":"vscode.emmet","_lower":"vscode.emmet"},"activationEvent":"*"}
[2022-10-06 23:58:43.365] [exthost] [info] ExtensionService#loadCommonJSModule file:///home/nouss/.p2/pool/plugins/com.genuitec.eclipse.code.engine.app.linux.x86_64_3.6.0.202002212104/engine/resources/app/extensions/emmet/dist/extension
[2022-10-06 23:58:43.394] [exthost] [info] ExtensionService#_doActivateExtension formulahendry.auto-close-tag {"startup":true,"extensionId":{"value":"formulahendry.auto-close-tag","_lower":"formulahendry.auto-close-tag"},"activationEvent":"*"}
[2022-10-06 23:58:43.395] [exthost] [info] ExtensionService#loadCommonJSModule file:///home/nouss/.p2/pool/plugins/pack.core.linux_3.6.0.202007171954/formulahendry.auto-close-tag-0.5.6/out/src/extension
[2022-10-06 23:58:43.407] [exthost] [info] eager extensions activated
[2022-10-06 23:58:43.415] [exthost] [info] ExtensionService#_doActivateExtension vscode.grunt {"startup":false,"extensionId":{"value":"vscode.grunt","_lower":"vscode.grunt"},"activationEvent":"onCommand:workbench.action.tasks.runTask"}
[2022-10-06 23:58:43.415] [exthost] [info] ExtensionService#loadCommonJSModule file:///home/nouss/.p2/pool/plugins/com.genuitec.eclipse.code.engine.app.linux.x86_64_3.6.0.202002212104/engine/resources/app/extensions/grunt/dist/main
[2022-10-06 23:58:43.419] [exthost] [info] ExtensionService#_doActivateExtension vscode.gulp {"startup":false,"extensionId":{"value":"vscode.gulp","_lower":"vscode.gulp"},"activationEvent":"onCommand:workbench.action.tasks.runTask"}
[2022-10-06 23:58:43.419] [exthost] [info] ExtensionService#loadCommonJSModule file:///home/nouss/.p2/pool/plugins/com.genuitec.eclipse.code.engine.app.linux.x86_64_3.6.0.202002212104/engine/resources/app/extensions/gulp/dist/main
[2022-10-06 23:58:43.422] [exthost] [info] ExtensionService#_doActivateExtension vscode.jake {"startup":false,"extensionId":{"value":"vscode.jake","_lower":"vscode.jake"},"activationEvent":"onCommand:workbench.action.tasks.runTask"}
[2022-10-06 23:58:43.422] [exthost] [info] ExtensionService#loadCommonJSModule file:///home/nouss/.p2/pool/plugins/com.genuitec.eclipse.code.engine.app.linux.x86_64_3.6.0.202002212104/engine/resources/app/extensions/jake/dist/main
[2022-10-06 23:58:43.425] [exthost] [info] ExtensionService#_doActivateExtension vscode.npm {"startup":false,"extensionId":{"value":"vscode.npm","_lower":"vscode.npm"},"activationEvent":"onCommand:workbench.action.tasks.runTask"}
[2022-10-06 23:58:43.425] [exthost] [info] ExtensionService#loadCommonJSModule file:///home/nouss/.p2/pool/plugins/com.genuitec.eclipse.code.engine.app.linux.x86_64_3.6.0.202002212104/engine/resources/app/extensions/npm/dist/main
[2022-10-06 23:58:43.439] [exthost] [info] ExtensionService#_doActivateExtension vscode.typescript-language-features {"startup":false,"extensionId":{"value":"vscode.typescript-language-features","_lower":"vscode.typescript-language-features"},"activationEvent":"onCommand:workbench.action.tasks.runTask"}
[2022-10-06 23:58:43.439] [exthost] [info] ExtensionService#loadCommonJSModule file:///home/nouss/.p2/pool/plugins/com.genuitec.eclipse.code.engine.app.linux.x86_64_3.6.0.202002212104/engine/resources/app/extensions/typescript-language-features/dist/extension
